0 info it worked if it ends with ok
1 verbose cli [ '/usr/local/Cellar/node/5.10.1/bin/node',
1 verbose cli   '/Users/grantsauer/.npm-packages/bin/npm',
1 verbose cli   'i',
1 verbose cli   '-g',
1 verbose cli   'eslint',
1 verbose cli   '[eslint-plugins]' ]
2 info using npm@3.8.6
3 info using node@v5.10.1
4 silly loadCurrentTree Starting
5 silly install loadCurrentTree
6 silly install readGlobalPackageData
7 silly fetchPackageMetaData eslint
8 silly fetchPackageMetaData [eslint-plugins]
9 silly fetchNamedPackageData eslint
10 silly mapToRegistry name eslint
11 silly mapToRegistry using default registry
12 silly mapToRegistry registry https://registry.npmjs.org/
13 silly mapToRegistry data Result {
13 silly mapToRegistry   raw: 'eslint',
13 silly mapToRegistry   scope: null,
13 silly mapToRegistry   name: 'eslint',
13 silly mapToRegistry   rawSpec: '',
13 silly mapToRegistry   spec: 'latest',
13 silly mapToRegistry   type: 'tag' }
14 silly mapToRegistry uri https://registry.npmjs.org/eslint
15 silly fetchOtherPackageData [eslint-plugins]
16 silly cache add args [ '[eslint-plugins]', null ]
17 verbose cache add spec [eslint-plugins]
18 silly cache add parsed spec Result {
18 silly cache add   raw: '[eslint-plugins]',
18 silly cache add   scope: null,
18 silly cache add   name: null,
18 silly cache add   rawSpec: '[eslint-plugins]',
18 silly cache add   spec: '/Users/grantsauer/Desktop/snapshots/[eslint-plugins]',
18 silly cache add   type: 'local' }
19 error addLocal Could not install /Users/grantsauer/Desktop/snapshots/[eslint-plugins]
20 silly fetchPackageMetaData Error: ENOENT: no such file or directory, open '/Users/grantsauer/Desktop/snapshots/[eslint-plugins]'
20 silly fetchPackageMetaData     at Error (native)
20 silly fetchPackageMetaData  error for [eslint-plugins] { [Error: ENOENT: no such file or directory, open '/Users/grantsauer/Desktop/snapshots/[eslint-plugins]']
20 silly fetchPackageMetaData   errno: -2,
20 silly fetchPackageMetaData   code: 'ENOENT',
20 silly fetchPackageMetaData   syscall: 'open',
20 silly fetchPackageMetaData   path: '/Users/grantsauer/Desktop/snapshots/[eslint-plugins]' }
21 verbose request uri https://registry.npmjs.org/eslint
22 verbose request no auth needed
23 info attempt registry request try #1 at 1:57:19 PM
24 verbose request id db77bd4af07ff49c
25 http request GET https://registry.npmjs.org/eslint
26 http 200 https://registry.npmjs.org/eslint
27 verbose headers { server: 'CouchDB/1.5.0 (Erlang OTP/R16B03)',
27 verbose headers   etag: '"CALTHFQM246TRX7CHYQ9Y8KV"',
27 verbose headers   'content-type': 'application/json',
27 verbose headers   'content-encoding': 'gzip',
27 verbose headers   'cache-control': 'max-age=300',
27 verbose headers   'content-length': '26431',
27 verbose headers   'accept-ranges': 'bytes',
27 verbose headers   date: 'Tue, 26 Apr 2016 20:57:20 GMT',
27 verbose headers   via: '1.1 varnish',
27 verbose headers   age: '255',
27 verbose headers   connection: 'keep-alive',
27 verbose headers   'x-served-by': 'cache-dfw1836-DFW',
27 verbose headers   'x-cache': 'HIT',
27 verbose headers   'x-cache-hits': '2',
27 verbose headers   'x-timer': 'S1461704240.404091,VS0,VE0',
27 verbose headers   vary: 'Accept-Encoding' }
28 silly get cb [ 200,
28 silly get   { server: 'CouchDB/1.5.0 (Erlang OTP/R16B03)',
28 silly get     etag: '"CALTHFQM246TRX7CHYQ9Y8KV"',
28 silly get     'content-type': 'application/json',
28 silly get     'content-encoding': 'gzip',
28 silly get     'cache-control': 'max-age=300',
28 silly get     'content-length': '26431',
28 silly get     'accept-ranges': 'bytes',
28 silly get     date: 'Tue, 26 Apr 2016 20:57:20 GMT',
28 silly get     via: '1.1 varnish',
28 silly get     age: '255',
28 silly get     connection: 'keep-alive',
28 silly get     'x-served-by': 'cache-dfw1836-DFW',
28 silly get     'x-cache': 'HIT',
28 silly get     'x-cache-hits': '2',
28 silly get     'x-timer': 'S1461704240.404091,VS0,VE0',
28 silly get     vary: 'Accept-Encoding' } ]
29 verbose get saving eslint to /Users/grantsauer/.npm/registry.npmjs.org/eslint/.cache.json
30 verbose correctMkdir /Users/grantsauer/.npm correctMkdir not in flight; initializing
31 silly rollbackFailedOptional Starting
32 silly rollbackFailedOptional Finishing
33 silly runTopLevelLifecycles Starting
34 silly runTopLevelLifecycles Finishing
35 silly install printInstalled
36 verbose stack Error: ENOENT: no such file or directory, open '/Users/grantsauer/Desktop/snapshots/[eslint-plugins]'
36 verbose stack     at Error (native)
37 verbose cwd /Users/grantsauer/Desktop/snapshots
38 error Darwin 14.5.0
39 error argv "/usr/local/Cellar/node/5.10.1/bin/node" "/Users/grantsauer/.npm-packages/bin/npm" "i" "-g" "eslint" "[eslint-plugins]"
40 error node v5.10.1
41 error npm  v3.8.6
42 error path /Users/grantsauer/Desktop/snapshots/[eslint-plugins]
43 error code ENOENT
44 error errno -2
45 error syscall open
46 error enoent ENOENT: no such file or directory, open '/Users/grantsauer/Desktop/snapshots/[eslint-plugins]'
47 error enoent ENOENT: no such file or directory, open '/Users/grantsauer/Desktop/snapshots/[eslint-plugins]'
47 error enoent This is most likely not a problem with npm itself
47 error enoent and is related to npm not being able to find a file.
48 verbose exit [ -2, true ]
